<?xml version="1.0" encoding="UTF-8"?>
<!-- Generated by org.testng.reporters.JUnitXMLReporter -->
<testsuite ignored="0" hostname="LTIN169567" failures="0" tests="3" name="Command line test" time="118.185" errors="0" timestamp="2023-06-05T09:59:07 IST">
  <testcase classname="TestSuites.TestCases" name="Retrieve" time="41.286"/>
  <testcase classname="TestSuites.TestCases" name="Listing" time="32.336"/>
  <testcase classname="TestSuites.TestCases" name="CarDetails" time="36.019"/>
</testsuite> <!-- Command line test -->
