<?xml version="1.0" encoding="UTF-8"?>
<testng-results ignored="0" total="3" passed="3" failed="0" skipped="0">
  <reporter-output>
  </reporter-output>
  <suite started-at="2023-06-05T09:57:08 IST" name="TestSuites.TestCases" finished-at="2023-06-05T09:59:07 IST" duration-ms="118185">
    <groups>
    </groups>
    <test started-at="2023-06-05T09:57:08 IST" name="Command line test" finished-at="2023-06-05T09:59:07 IST" duration-ms="118185">
      <class name="TestSuites.TestCases">
        <test-method is-config="true" signature="invokeBrowser()[pri:0, instance:TestSuites.TestCases@3f191845]" started-at="2023-06-05T09:57:08 IST" name="invokeBrowser" finished-at="2023-06-05T09:57:16 IST" duration-ms="7197" status="PASS">
          <reporter-output>
          </reporter-output>
        </test-method> <!-- invokeBrowser -->
        <test-method signature="Retrieve()[pri:1, instance:TestSuites.TestCases@3f191845]" started-at="2023-06-05T09:57:16 IST" name="Retrieve" finished-at="2023-06-05T09:57:57 IST" duration-ms="41286" status="PASS">
          <reporter-output>
          </reporter-output>
        </test-method> <!-- Retrieve -->
        <test-method signature="Listing()[pri:2, instance:TestSuites.TestCases@3f191845]" started-at="2023-06-05T09:57:57 IST" name="Listing" finished-at="2023-06-05T09:58:29 IST" duration-ms="32336" status="PASS">
          <reporter-output>
          </reporter-output>
        </test-method> <!-- Listing -->
        <test-method signature="CarDetails()[pri:3, instance:TestSuites.TestCases@3f191845]" started-at="2023-06-05T09:58:29 IST" name="CarDetails" finished-at="2023-06-05T09:59:05 IST" duration-ms="36019" status="PASS">
          <reporter-output>
          </reporter-output>
        </test-method> <!-- CarDetails -->
        <test-method is-config="true" signature="closeBrowser()[pri:0, instance:TestSuites.TestCases@3f191845]" started-at="2023-06-05T09:59:05 IST" name="closeBrowser" finished-at="2023-06-05T09:59:07 IST" duration-ms="1235" status="PASS">
          <reporter-output>
          </reporter-output>
        </test-method> <!-- closeBrowser -->
      </class> <!-- TestSuites.TestCases -->
    </test> <!-- Command line test -->
  </suite> <!-- TestSuites.TestCases -->
</testng-results>
